<?xml version="1.0" encoding="UTF-8"?>
<coverage generated="1784422045">
  <project timestamp="1784422045" name="Clover Coverage">
    <package name="App">
      <file name="/tmp/dxkit-harvest/php-cov/src/Greeter.php">
        <class name="App\Greeter" namespace="App">
          <metrics complexity="1" methods="1" coveredmethods="1" conditionals="0" coveredconditionals="0" statements="1" coveredstatements="1" elements="2" coveredelements="2"/>
        </class>
        <line num="8" type="stmt" count="1"/>
        <line num="12" type="method" name="greet" visibility="public" complexity="1" crap="1" count="1"/>
        <line num="14" type="stmt" count="1"/>
        <metrics loc="17" ncloc="16" classes="1" methods="1" coveredmethods="1" conditionals="0" coveredconditionals="0" statements="2" coveredstatements="2" elements="3" coveredelements="3"/>
      </file>
    </package>
    <metrics files="1" loc="17" ncloc="16" classes="1" methods="1" coveredmethods="1" conditionals="0" coveredconditionals="0" statements="2" coveredstatements="2" elements="3" coveredelements="3"/>
  </project>
</coverage>
